<?xml version="1.0" encoding="UTF-8"?>
<testng-results ignored="0" total="1" passed="1" failed="0" skipped="0">
  <reporter-output>
  </reporter-output>
  <suite started-at="2025-02-03T09:44:58 IST" name="Default suite" finished-at="2025-02-03T09:45:20 IST" duration-ms="21301">
    <groups>
    </groups>
    <test started-at="2025-02-03T09:44:58 IST" name="Default test" finished-at="2025-02-03T09:45:20 IST" duration-ms="21301">
      <class name="ECommerce_Selenium_Automation.magento.AddressTest">
        <test-method is-config="true" signature="setupDriver()[pri:0, instance:ECommerce_Selenium_Automation.magento.AddressTest@6d4d66d2]" started-at="2025-02-03T09:44:59 IST" name="setupDriver" finished-at="2025-02-03T09:45:05 IST" duration-ms="6319" status="PASS">
          <reporter-output>
          </reporter-output>
        </test-method> <!-- setupDriver -->
        <test-method is-config="true" signature="accessAccount()[pri:0, instance:ECommerce_Selenium_Automation.magento.AddressTest@6d4d66d2]" started-at="2025-02-03T09:45:05 IST" name="accessAccount" finished-at="2025-02-03T09:45:09 IST" duration-ms="4417" status="PASS">
          <reporter-output>
          </reporter-output>
        </test-method> <!-- accessAccount -->
        <test-method signature="addNewAddressTest()[pri:0, instance:ECommerce_Selenium_Automation.magento.AddressTest@6d4d66d2]" started-at="2025-02-03T09:45:09 IST" name="addNewAddressTest" finished-at="2025-02-03T09:45:19 IST" duration-ms="10160" status="PASS">
          <reporter-output>
          </reporter-output>
        </test-method> <!-- addNewAddressTest -->
        <test-method is-config="true" signature="getTestInformation()[pri:0, instance:ECommerce_Selenium_Automation.magento.AddressTest@6d4d66d2]" started-at="2025-02-03T09:45:20 IST" name="getTestInformation" finished-at="2025-02-03T09:45:20 IST" duration-ms="105" status="PASS">
          <reporter-output>
          </reporter-output>
        </test-method> <!-- getTestInformation -->
        <test-method is-config="true" signature="closeBrowser()[pri:0, instance:ECommerce_Selenium_Automation.magento.AddressTest@6d4d66d2]" started-at="2025-02-03T09:45:20 IST" name="closeBrowser" finished-at="2025-02-03T09:45:20 IST" duration-ms="147" status="PASS">
          <reporter-output>
          </reporter-output>
        </test-method> <!-- closeBrowser -->
      </class> <!-- ECommerce_Selenium_Automation.magento.AddressTest -->
    </test> <!-- Default test -->
  </suite> <!-- Default suite -->
</testng-results>
